This is pdfTeX, Version 3.1415926-1.40.10 (TeX Live 2009/Debian) (format=latex 2013.8.2)  31 OCT 2013 15:19
entering extended mode
 %&-line parsing enabled.
**acronym.ins
(./acronym.ins
LaTeX2e <2009/09/24>
Babel <v3.8l> and hyphenation patterns for english, usenglishmax, dumylang, noh
yphenation, spanish, galician, catalan, loaded.
(/usr/share/texmf-texlive/tex/latex/base/docstrip.tex
\blockLevel=\count79
\emptyLines=\count80
\processedLines=\count81
\commentsRemoved=\count82
\commentsPassed=\count83
\codeLinesPassed=\count84
\TotalprocessedLines=\count85
\TotalcommentsRemoved=\count86
\TotalcommentsPassed=\count87
\TotalcodeLinesPassed=\count88
\NumberOfFiles=\count89
\inFile=\read1
\inputcheck=\read2
\off@0=\count90
\off@1=\count91
\off@2=\count92
\off@3=\count93
\off@4=\count94
\off@5=\count95
\off@6=\count96
\off@7=\count97
\off@8=\count98
\off@9=\count99
\off@10=\count100
\off@11=\count101
\off@12=\count102
\off@13=\count103
\off@14=\count104
\off@15=\count105
\@maxfiles=\count106
\@maxoutfiles=\count107

Utility: `docstrip' 2.5d <2005/07/29>
English documentation    <1999/03/31>

**********************************************************
* This program converts documented macro-files into fast *
* loadable files by stripping off (nearly) all comments! *
**********************************************************

********************************************************
* No Configuration file found, using default settings. *
********************************************************

(./acronym.ins

Generating file(s) ./acronym.sty 
\openout0 = `./acronym.sty'.


Processing file acronym.dtx (acronym) -> acronym.sty
File acronym.dtx ended by \endinput.
Lines  processed: 1681
Comments removed: 1087
Comments  passed: 21
Codelines passed: 568


Generating file(s) ./acrotest.tex 
\openout0 = `./acrotest.tex'.


Processing file acronym.dtx (acrotest) -> acrotest.tex
File acronym.dtx ended by \endinput.
Lines  processed: 1681
Comments removed: 1087
Comments  passed: 21
Codelines passed: 568

*********************************************************
*                                                       *
* To finish the installation you have to move the       *
* following file into a directory searched by TeX:      *
*                                                       *
*    acronym.sty                                        *
*                                                       *
* To produce the documentation run the file acronym.dtx *
* through LaTeX.                                        *
*                                                       *
* The file `acrotest.tex' contains an example text.     *
*                                                       *
* Happy TeXing!                                         *
*********************************************************
Overall statistics:
Files  processed: 2
Lines  processed: 3362
Comments removed: 2174
Comments  passed: 42
Codelines passed: 1136
 ) ) ) 
Here is how much of TeX's memory you used:
 325 strings out of 495000
 3285 string characters out of 1180840
 52062 words of memory out of 3000000
 3601 multiletter control sequences out of 15000+50000
 3640 words of font info for 14 fonts, out of 3000000 for 9000
 54 hyphenation exceptions out of 8191
 15i,0n,15p,364b,127s stack positions out of 5000i,500n,10000p,200000b,50000s

No pages of output.
