This is pdfTeX, Version 3.1415926-1.40.10 (TeX Live 2009/Debian) (format=pdflatex 2013.8.2)  4 OCT 2014 00:05
entering extended mode
 %&-line parsing enabled.
**cd.tex
(./cd.tex
LaTeX2e <2009/09/24>
Babel <v3.8l> and hyphenation patterns for english, usenglishmax, dumylang, noh
yphenation, spanish, galician, catalan, loaded.
(/usr/share/texmf-texlive/tex/latex/base/article.cls
Document Class: article 2007/10/19 v1.4h Standard LaTeX document class
(/usr/share/texmf-texlive/tex/latex/base/size10.clo
File: size10.clo 2007/10/19 v1.4h Standard LaTeX file (size option)
)
\c@part=\count79
\c@section=\count80
\c@subsection=\count81
\c@subsubsection=\count82
\c@paragraph=\count83
\c@subparagraph=\count84
\c@figure=\count85
\c@table=\count86
\abovecaptionskip=\skip41
\belowcaptionskip=\skip42
\bibindent=\dimen102
)
(/usr/share/texmf-texlive/tex/latex/geometry/geometry.sty
Package: geometry 2008/12/21 v4.2 Page Geometry

(/usr/share/texmf-texlive/tex/latex/graphics/keyval.sty
Package: keyval 1999/03/16 v1.13 key=value parser (DPC)
\KV@toks@=\toks14
)
(/usr/share/texmf-texlive/tex/generic/oberdiek/ifpdf.sty
Package: ifpdf 2009/04/10 v2.0 Provides the ifpdf switch (HO)
Package ifpdf Info: pdfTeX in pdf mode detected.
)
(/usr/share/texmf-texlive/tex/generic/oberdiek/ifvtex.sty
Package: ifvtex 2008/11/04 v1.4 Switches for detecting VTeX and its modes (HO)
Package ifvtex Info: VTeX not detected.
)
\Gm@cnth=\count87
\Gm@cntv=\count88
\c@Gm@tempcnt=\count89
\Gm@bindingoffset=\dimen103
\Gm@wd@mp=\dimen104
\Gm@odd@mp=\dimen105
\Gm@even@mp=\dimen106
\Gm@dimlist=\toks15

(/usr/share/texmf-texlive/tex/xelatex/xetexconfig/geometry.cfg))
(./simplecd.sty
Package: simplecd 2013/02/28 v1.4 Simple CD, DVD covers and many more
 (/usr/share/texmf-texlive/tex/latex/base/fix-cm.sty
Package: fix-cm 2006/09/13 v1.1m fixes to LaTeX

(/usr/share/texmf-texlive/tex/latex/base/ts1enc.def
File: ts1enc.def 2001/06/05 v3.0e (jk/car/fm) Standard LaTeX file
))
(/usr/share/texmf-texlive/tex/latex/tools/calc.sty
Package: calc 2007/08/22 v4.3 Infix arithmetic (KKT,FJ)
\calc@Acount=\count90
\calc@Bcount=\count91
\calc@Adimen=\dimen107
\calc@Bdimen=\dimen108
\calc@Askip=\skip43
\calc@Bskip=\skip44
LaTeX Info: Redefining \setlength on input line 76.
LaTeX Info: Redefining \addtolength on input line 77.
\calc@Ccount=\count92
\calc@Cskip=\skip45
)
(/usr/share/texmf-texlive/tex/latex/base/ifthen.sty
Package: ifthen 2001/05/26 v1.1c Standard LaTeX ifthen package (DPC)
)
(/usr/share/texmf-texlive/tex/latex/graphics/graphicx.sty
Package: graphicx 1999/02/16 v1.0f Enhanced LaTeX Graphics (DPC,SPQR)

(/usr/share/texmf-texlive/tex/latex/graphics/graphics.sty
Package: graphics 2009/02/05 v1.0o Standard LaTeX Graphics (DPC,SPQR)

(/usr/share/texmf-texlive/tex/latex/graphics/trig.sty
Package: trig 1999/03/16 v1.09 sin cos tan (DPC)
)
(/etc/texmf/tex/latex/config/graphics.cfg
File: graphics.cfg 2009/08/28 v1.8 graphics configuration of TeX Live
)
Package graphics Info: Driver file: pdftex.def on input line 91.

(/usr/share/texmf-texlive/tex/latex/pdftex-def/pdftex.def
File: pdftex.def 2010/03/12 v0.04p Graphics/color for pdfTeX
\Gread@gobject=\count93
))
\Gin@req@height=\dimen109
\Gin@req@width=\dimen110
)
\sc@jewelalign=\skip46
\sc@keepcasealign=\skip47
\sc@inalign=\skip48
\c@sc@cdjccoverwidthdraw=\count94
\c@sc@cdjccoverheightdraw=\count95
\c@sc@cdjcspinewidthdraw=\count96
\c@sc@cdjcbackheightdraw=\count97
\c@sc@cdjcbackwidthdraw=\count98
\c@sc@cdjcbackinwidthdraw=\count99
\c@sc@cdLXXXjccoverwidthdraw=\count100
\c@sc@cdLXXXjccoverheightdraw=\count101
\c@sc@cdLXjccoverwidthdraw=\count102
\c@sc@cdLXjccoverheightdraw=\count103
\c@sc@dvdkccoverwidthdraw=\count104
\c@sc@dvdkccoverheightdraw=\count105
\c@sc@dvdkcspinewidthdraw=\count106
\c@sc@dvdkcinletwidthdraw=\count107
\c@sc@dvdkcinletheightdraw=\count108
\c@sc@sdvdkcspinewidthdraw=\count109
\c@sc@brcoverheightdraw=\count110
\c@sc@brinletwidthdraw=\count111
\c@sc@brinletheightdraw=\count112
\c@sc@dssleeve=\count113
\c@sc@dssleeveLXXXmm=\count114
\c@sc@dssleeveLXmm=\count115
\c@sc@tempa=\count116
\c@sc@tempb=\count117
\c@sc@tempc=\count118
\c@sc@tempd=\count119
\c@sc@tempe=\count120
\c@sc@tempf=\count121
\c@sc@tempg=\count122
\c@sc@layouttempa=\count123
\c@sc@layouttempb=\count124
\c@sc@layouttempc=\count125
\c@sc@resizertempa=\count126
\c@sc@backsheetspinerot=\count127
\sc@sleevebox=\box26
\sc@sleeveboxLXmm=\box27
\sc@sleeveboxLXXXmm=\box28
) (./cd.aux)
\openout1 = `cd.aux'.

LaTeX Font Info:    Checking defaults for OML/cmm/m/it on input line 10.
LaTeX Font Info:    ... okay on input line 10.
LaTeX Font Info:    Checking defaults for T1/cmr/m/n on input line 10.
LaTeX Font Info:    ... okay on input line 10.
LaTeX Font Info:    Checking defaults for OT1/cmr/m/n on input line 10.
LaTeX Font Info:    ... okay on input line 10.
LaTeX Font Info:    Checking defaults for OMS/cmsy/m/n on input line 10.
LaTeX Font Info:    ... okay on input line 10.
LaTeX Font Info:    Checking defaults for OMX/cmex/m/n on input line 10.
LaTeX Font Info:    ... okay on input line 10.
LaTeX Font Info:    Checking defaults for U/cmr/m/n on input line 10.
LaTeX Font Info:    ... okay on input line 10.
LaTeX Font Info:    Checking defaults for TS1/cmr/m/n on input line 10.
LaTeX Font Info:    ... okay on input line 10.

*geometry auto-detecting driver*
*geometry detected driver: pdftex*
-------------------- Geometry parameters
paper: a4paper
landscape: --
twocolumn: --
twoside: --
asymmetric: --
h-parts: 28.45274pt, 512.14963pt, 56.9055pt
v-parts: 28.45274pt, 788.14136pt, 28.45274pt
hmarginratio: --
vmarginratio: --
lines: --
heightrounded: --
bindingoffset: 0.0pt
truedimen: --
includehead: --
includefoot: --
includemp: --
driver: pdftex
-------------------- Page layout dimensions and switches
\paperwidth  597.50787pt
\paperheight 845.04684pt
\textwidth  512.14963pt
\textheight 788.14136pt
\oddsidemargin  -43.81725pt
\evensidemargin -43.81725pt
\topmargin  -80.81725pt
\headheight 12.0pt
\headsep    25.0pt
\footskip   30.0pt
\marginparwidth 57.0pt
\marginparsep   11.0pt
\columnsep  10.0pt
\skip\footins  9.0pt plus 4.0pt minus 2.0pt
\hoffset 0.0pt
\voffset 0.0pt
\mag 1000

(1in=72.27pt, 1cm=28.45pt)
-----------------------
(/usr/share/texmf-texlive/tex/context/base/supp-pdf.mkii
[Loading MPS to PDF converter (version 2006.09.02).]
\scratchcounter=\count128
\scratchdimen=\dimen111
\scratchbox=\box29
\nofMPsegments=\count129
\nofMParguments=\count130
\everyMPshowfont=\toks16
\MPscratchCnt=\count131
\MPscratchDim=\dimen112
\MPnumerator=\count132
\everyMPtoPDFconversion=\toks17
) <geintra.jpg, id=1, 420.57124pt x 410.53375pt>
File: geintra.jpg Graphic file (type jpg)
 <use geintra.jpg>
Overfull \hbox (121.86229pt too wide) in paragraph at lines 12--12
 [][]\OT1/cmr/m/n/24.88 CD 
 []

LaTeX Font Info:    External font `cmex10' loaded for size
(Font)              <7> on input line 12.
LaTeX Font Info:    External font `cmex10' loaded for size
(Font)              <5> on input line 12.
[1

{/var/lib/texmf/fonts/map/pdftex/updmap/pdftex.map} <./geintra.jpg>]
(./cd.aux) ) 
Here is how much of TeX's memory you used:
 2110 strings out of 494999
 31732 string characters out of 1180817
 237348 words of memory out of 3000000
 5321 multiletter control sequences out of 15000+50000
 3939 words of font info for 15 fonts, out of 3000000 for 9000
 54 hyphenation exceptions out of 8191
 32i,10n,33p,180b,238s stack positions out of 5000i,500n,10000p,200000b,50000s
</usr/share/texmf-texlive/fonts/type1/public/amsfonts/cm/cmr10.pfb>
</usr/share/texmf-texlive/fonts/type1/public/amsfonts/cm/cmr17.pfb>
Output written on cd.pdf (1 page, 120673 bytes).
PDF statistics:
 15 PDF objects out of 1000 (max. 8388607)
 0 named destinations out of 1000 (max. 500000)
 6 words of extra memory for PDF output out of 10000 (max. 10000000)

