This is pdfTeX, Version 3.1415926-1.40.10 (TeX Live 2009/Debian) (format=pdflatex 2013.8.2)  3 OCT 2014 23:59
entering extended mode
 %&-line parsing enabled.
**./simplecd.ins --output-directory=./
(./simplecd.ins
LaTeX2e <2009/09/24>
Babel <v3.8l> and hyphenation patterns for english, usenglishmax, dumylang, noh
yphenation, spanish, galician, catalan, loaded.
(/usr/share/texmf-texlive/tex/latex/base/docstrip.tex
\blockLevel=\count79
\emptyLines=\count80
\processedLines=\count81
\commentsRemoved=\count82
\commentsPassed=\count83
\codeLinesPassed=\count84
\TotalprocessedLines=\count85
\TotalcommentsRemoved=\count86
\TotalcommentsPassed=\count87
\TotalcodeLinesPassed=\count88
\NumberOfFiles=\count89
\inFile=\read1
\inputcheck=\read2
\off@0=\count90
\off@1=\count91
\off@2=\count92
\off@3=\count93
\off@4=\count94
\off@5=\count95
\off@6=\count96
\off@7=\count97
\off@8=\count98
\off@9=\count99
\off@10=\count100
\off@11=\count101
\off@12=\count102
\off@13=\count103
\off@14=\count104
\off@15=\count105
\@maxfiles=\count106
\@maxoutfiles=\count107

Utility: `docstrip' 2.5d <2005/07/29>
English documentation    <1999/03/31>

**********************************************************
* This program converts documented macro-files into fast *
* loadable files by stripping off (nearly) all comments! *
**********************************************************

********************************************************
* No Configuration file found, using default settings. *
********************************************************

)

Generating file(s) ./simplecd.sty 
\openout0 = `./simplecd.sty'.


Processing file ./simplecd.dtx (package) -> simplecd.sty
File ./simplecd.dtx ended by \endinput.
Lines  processed: 2668
Comments removed: 1605
Comments  passed: 16
Codelines passed: 1042

****************************************************
*                                                  *
* To finish the installation you have to move the  *
* following file into a directory searched by TeX: *
*                                                  *
* simplecd.sty                                     *
*                                                  *
* To produce the documentation run the file        *
* simplecd.dtx through LaTeX.                      *
*                                                  *
* Happy TeXing!                                    *
*                                                  *
****************************************************
 ) 
Here is how much of TeX's memory you used:
 312 strings out of 494999
 3160 string characters out of 1180817
 51627 words of memory out of 3000000
 3591 multiletter control sequences out of 15000+50000
 3640 words of font info for 14 fonts, out of 3000000 for 9000
 54 hyphenation exceptions out of 8191
 11i,0n,15p,258b,120s stack positions out of 5000i,500n,10000p,200000b,50000s

No pages of output.
PDF statistics:
 0 PDF objects out of 1000 (max. 8388607)
 0 named destinations out of 1000 (max. 500000)
 1 words of extra memory for PDF output out of 10000 (max. 10000000)

